<?xml version="1.0" encoding="UTF-8"?>
<!-- Generated by org.testng.reporters.JUnitXMLReporter -->
<testsuite hostname="LAPTOP-G87SNGCF" ignored="0" name="Default test" tests="7" failures="0" timestamp="27 Apr 2020 16:52:39 GMT" time="4.691" errors="0">
  <testcase name="getTokenWithInvalidBlankPassword" time="0.37" classname="com.sdet.rupeek.test.Authenticate"/>
  <testcase name="getTokenWithInvalidBlankUserName" time="0.247" classname="com.sdet.rupeek.test.Authenticate"/>
  <testcase name="getTokenWithInvalidRemovePasswordField" time="0.139" classname="com.sdet.rupeek.test.Authenticate"/>
  <testcase name="getTokenWithInvalidRemoveUserNameField" time="0.256" classname="com.sdet.rupeek.test.Authenticate"/>
  <testcase name="getTokenWithInvalidWrongPassword" time="0.241" classname="com.sdet.rupeek.test.Authenticate"/>
  <testcase name="getTokenWithInvalidWrongUserName" time="0.232" classname="com.sdet.rupeek.test.Authenticate"/>
  <testcase name="getTokenWithValidUNPWD" time="0.508" classname="com.sdet.rupeek.test.Authenticate"/>
</testsuite> <!-- Default test -->
