<?xml version="1.0" encoding="UTF-8"?>
<testng-results skipped="0" failed="0" ignored="0" total="7" passed="7">
  <reporter-output>
  </reporter-output>
  <suite name="Default suite" duration-ms="4691" started-at="2020-04-27T16:52:34Z" finished-at="2020-04-27T16:52:39Z">
    <groups>
    </groups>
    <test name="Default test" duration-ms="4691" started-at="2020-04-27T16:52:34Z" finished-at="2020-04-27T16:52:39Z">
      <class name="com.sdet.rupeek.test.Authenticate">
        <test-method status="PASS" signature="config()[pri:0, instance:com.sdet.rupeek.test.Authenticate@14acaea5]" name="config" is-config="true" duration-ms="330" started-at="2020-04-27T16:52:34Z" finished-at="2020-04-27T16:52:34Z">
          <reporter-output>
          </reporter-output>
        </test-method> <!-- config -->
        <test-method status="PASS" signature="authenticate()[pri:0, instance:com.sdet.rupeek.test.Authenticate@14acaea5]" name="authenticate" is-config="true" duration-ms="1219" started-at="2020-04-27T16:52:34Z" finished-at="2020-04-27T16:52:36Z">
          <reporter-output>
          </reporter-output>
        </test-method> <!-- authenticate -->
        <test-method status="PASS" signature="getTokenWithInvalidBlankPassword()[pri:0, instance:com.sdet.rupeek.test.Authenticate@14acaea5]" name="getTokenWithInvalidBlankPassword" duration-ms="370" started-at="2020-04-27T16:52:36Z" finished-at="2020-04-27T16:52:36Z">
          <reporter-output>
          </reporter-output>
        </test-method> <!-- getTokenWithInvalidBlankPassword -->
        <test-method status="PASS" signature="authenticate()[pri:0, instance:com.sdet.rupeek.test.Authenticate@14acaea5]" name="authenticate" is-config="true" duration-ms="254" started-at="2020-04-27T16:52:36Z" finished-at="2020-04-27T16:52:36Z">
          <reporter-output>
          </reporter-output>
        </test-method> <!-- authenticate -->
        <test-method status="PASS" signature="getTokenWithInvalidBlankUserName()[pri:0, instance:com.sdet.rupeek.test.Authenticate@14acaea5]" name="getTokenWithInvalidBlankUserName" duration-ms="247" started-at="2020-04-27T16:52:36Z" finished-at="2020-04-27T16:52:37Z">
          <reporter-output>
          </reporter-output>
        </test-method> <!-- getTokenWithInvalidBlankUserName -->
        <test-method status="PASS" signature="authenticate()[pri:0, instance:com.sdet.rupeek.test.Authenticate@14acaea5]" name="authenticate" is-config="true" duration-ms="252" started-at="2020-04-27T16:52:37Z" finished-at="2020-04-27T16:52:37Z">
          <reporter-output>
          </reporter-output>
        </test-method> <!-- authenticate -->
        <test-method status="PASS" signature="getTokenWithInvalidRemovePasswordField()[pri:0, instance:com.sdet.rupeek.test.Authenticate@14acaea5]" name="getTokenWithInvalidRemovePasswordField" duration-ms="139" started-at="2020-04-27T16:52:37Z" finished-at="2020-04-27T16:52:37Z">
          <reporter-output>
          </reporter-output>
        </test-method> <!-- getTokenWithInvalidRemovePasswordField -->
        <test-method status="PASS" signature="authenticate()[pri:0, instance:com.sdet.rupeek.test.Authenticate@14acaea5]" name="authenticate" is-config="true" duration-ms="237" started-at="2020-04-27T16:52:37Z" finished-at="2020-04-27T16:52:37Z">
          <reporter-output>
          </reporter-output>
        </test-method> <!-- authenticate -->
        <test-method status="PASS" signature="getTokenWithInvalidRemoveUserNameField()[pri:0, instance:com.sdet.rupeek.test.Authenticate@14acaea5]" name="getTokenWithInvalidRemoveUserNameField" duration-ms="256" started-at="2020-04-27T16:52:37Z" finished-at="2020-04-27T16:52:37Z">
          <reporter-output>
          </reporter-output>
        </test-method> <!-- getTokenWithInvalidRemoveUserNameField -->
        <test-method status="PASS" signature="authenticate()[pri:0, instance:com.sdet.rupeek.test.Authenticate@14acaea5]" name="authenticate" is-config="true" duration-ms="241" started-at="2020-04-27T16:52:37Z" finished-at="2020-04-27T16:52:38Z">
          <reporter-output>
          </reporter-output>
        </test-method> <!-- authenticate -->
        <test-method status="PASS" signature="getTokenWithInvalidWrongPassword()[pri:0, instance:com.sdet.rupeek.test.Authenticate@14acaea5]" name="getTokenWithInvalidWrongPassword" duration-ms="241" started-at="2020-04-27T16:52:38Z" finished-at="2020-04-27T16:52:38Z">
          <reporter-output>
          </reporter-output>
        </test-method> <!-- getTokenWithInvalidWrongPassword -->
        <test-method status="PASS" signature="authenticate()[pri:0, instance:com.sdet.rupeek.test.Authenticate@14acaea5]" name="authenticate" is-config="true" duration-ms="241" started-at="2020-04-27T16:52:38Z" finished-at="2020-04-27T16:52:38Z">
          <reporter-output>
          </reporter-output>
        </test-method> <!-- authenticate -->
        <test-method status="PASS" signature="getTokenWithInvalidWrongUserName()[pri:0, instance:com.sdet.rupeek.test.Authenticate@14acaea5]" name="getTokenWithInvalidWrongUserName" duration-ms="232" started-at="2020-04-27T16:52:38Z" finished-at="2020-04-27T16:52:38Z">
          <reporter-output>
          </reporter-output>
        </test-method> <!-- getTokenWithInvalidWrongUserName -->
        <test-method status="PASS" signature="authenticate()[pri:0, instance:com.sdet.rupeek.test.Authenticate@14acaea5]" name="authenticate" is-config="true" duration-ms="230" started-at="2020-04-27T16:52:38Z" finished-at="2020-04-27T16:52:39Z">
          <reporter-output>
          </reporter-output>
        </test-method> <!-- authenticate -->
        <test-method status="PASS" signature="getTokenWithValidUNPWD()[pri:0, instance:com.sdet.rupeek.test.Authenticate@14acaea5]" name="getTokenWithValidUNPWD" duration-ms="508" started-at="2020-04-27T16:52:39Z" finished-at="2020-04-27T16:52:39Z">
          <reporter-output>
          </reporter-output>
        </test-method> <!-- getTokenWithValidUNPWD -->
      </class> <!-- com.sdet.rupeek.test.Authenticate -->
    </test> <!-- Default test -->
  </suite> <!-- Default suite -->
</testng-results>
